This is pdfTeX, Version 3.141592653-2.6-1.40.24 (MiKTeX 22.1) (preloaded format=pdflatex 2022.2.20)  23 SEP 2022 05:15
entering extended mode
 restricted \write18 enabled.
 %&-line parsing enabled.
**./tiny.tex
(tiny.tex
LaTeX2e <2021-11-15> patch level 1
L3 programming layer <2022-02-05> (Iserj.cls
Document Class: Iserj 2017/11/12 v1.0.6 Thesis PUC-Rio document class
(C:\Users\Daniel\AppData\Local\Programs\MiKTeX\tex/latex/base\ifthen.sty
Package: ifthen 2020/11/24 v1.1c Standard LaTeX ifthen package (DPC)
)
(C:\Users\Daniel\AppData\Local\Programs\MiKTeX\tex/generic/genmisc\nth.sty
Package: nth 2002/02/27
)
(C:\Users\Daniel\AppData\Local\Programs\MiKTeX\tex/generic/babel\babel.sty
Package: babel 2022/02/13 3.71 The Babel package
\babel@savecnt=\count185
\U@D=\dimen138
\l@unhyphenated=\language79

(C:\Users\Daniel\AppData\Local\Programs\MiKTeX\tex/generic/babel\txtbabel.def)
\bbl@readstream=\read2
\bbl@dirlevel=\count186

*************************************
* Local config file bblopts.cfg used
*
(C:\Users\Daniel\AppData\Local\Programs\MiKTeX\tex/latex/arabi\bblopts.cfg
File: bblopts.cfg 2005/09/08 v0.1 add Arabic and Farsi to "declared" options of
 babel
)
(C:\Users\Daniel\AppData\Local\Programs\MiKTeX\tex/latex/babel-english\american
.ldf
Language: american 2017/06/06 v3.3r English support from the babel system

(C:\Users\Daniel\AppData\Local\Programs\MiKTeX\tex/latex/babel-english\english.
ldf
Language: english 2017/06/06 v3.3r English support from the babel system
Package babel Info: Hyphen rules for 'canadian' set to \l@english
(babel)             (\language0). Reported on input line 102.
Package babel Info: Hyphen rules for 'australian' set to \l@ukenglish
(babel)             (\language73). Reported on input line 105.
Package babel Info: Hyphen rules for 'newzealand' set to \l@ukenglish
(babel)             (\language73). Reported on input line 108.
))
(C:\Users\Daniel\AppData\Local\Programs\MiKTeX\tex/latex/babel-portuges\brazili
an.ldf
Language: portuges 2021/07/09 v1.2t Portuguese support from the babel system
Package babel Info: Hyphen rules for 'brazilian' set to \l@portuguese
(babel)             (\language56). Reported on input line 111.
Package babel Info: Making " an active character on input line 143.
)

Package babel Warning: Last declared language option is 'american',
(babel)                but the last processed one was 'brazilian'.
(babel)                The main language can't be set as both a global
(babel)                and a package option. Use 'main=american' as
(babel)                option. Reported on input line 4270.

) (C:\Users\Daniel\AppData\Local\Programs\MiKTeX\tex/latex/base\report.cls
Document Class: report 2021/10/04 v1.4n Standard LaTeX document class
(C:\Users\Daniel\AppData\Local\Programs\MiKTeX\tex/latex/base\size12.clo
File: size12.clo 2021/10/04 v1.4n Standard LaTeX file (size option)
)
\c@part=\count187
\c@chapter=\count188
\c@section=\count189
\c@subsection=\count190
\c@subsubsection=\count191
\c@paragraph=\count192
\c@subparagraph=\count193
\c@figure=\count194
\c@table=\count195
\abovecaptionskip=\skip47
\belowcaptionskip=\skip48
\bibindent=\dimen139
)
(C:\Users\Daniel\AppData\Local\Programs\MiKTeX\tex/latex/amsfonts\amsfonts.sty
Package: amsfonts 2013/01/14 v3.01 Basic AMSFonts support
\@emptytoks=\toks16
\symAMSa=\mathgroup4
\symAMSb=\mathgroup5
LaTeX Font Info:    Redeclaring math symbol \hbar on input line 98.
LaTeX Font Info:    Overwriting math alphabet `\mathfrak' in version `bold'
(Font)                  U/euf/m/n --> U/euf/b/n on input line 106.
) (C:\Users\Daniel\AppData\Local\Programs\MiKTeX\tex/latex/base\inputenc.sty
Package: inputenc 2021/02/14 v1.3d Input encoding file
\inpenc@prehook=\toks17
\inpenc@posthook=\toks18
)
(C:\Users\Daniel\AppData\Local\Programs\MiKTeX\tex/latex/base\fontenc.sty
Package: fontenc 2021/04/29 v2.0v Standard LaTeX package
)
(C:\Users\Daniel\AppData\Local\Programs\MiKTeX\tex/latex/lm\lmodern.sty
Package: lmodern 2009/10/30 v1.6 Latin Modern Fonts
LaTeX Font Info:    Overwriting symbol font `operators' in version `normal'
(Font)                  OT1/cmr/m/n --> OT1/lmr/m/n on input line 22.
LaTeX Font Info:    Overwriting symbol font `letters' in version `normal'
(Font)                  OML/cmm/m/it --> OML/lmm/m/it on input line 23.
LaTeX Font Info:    Overwriting symbol font `symbols' in version `normal'
(Font)                  OMS/cmsy/m/n --> OMS/lmsy/m/n on input line 24.
LaTeX Font Info:    Overwriting symbol font `largesymbols' in version `normal'
(Font)                  OMX/cmex/m/n --> OMX/lmex/m/n on input line 25.
LaTeX Font Info:    Overwriting symbol font `operators' in version `bold'
(Font)                  OT1/cmr/bx/n --> OT1/lmr/bx/n on input line 26.
LaTeX Font Info:    Overwriting symbol font `letters' in version `bold'
(Font)                  OML/cmm/b/it --> OML/lmm/b/it on input line 27.
LaTeX Font Info:    Overwriting symbol font `symbols' in version `bold'
(Font)                  OMS/cmsy/b/n --> OMS/lmsy/b/n on input line 28.
LaTeX Font Info:    Overwriting symbol font `largesymbols' in version `bold'
(Font)                  OMX/cmex/m/n --> OMX/lmex/m/n on input line 29.
LaTeX Font Info:    Overwriting math alphabet `\mathbf' in version `normal'
(Font)                  OT1/cmr/bx/n --> OT1/lmr/bx/n on input line 31.
LaTeX Font Info:    Overwriting math alphabet `\mathsf' in version `normal'
(Font)                  OT1/cmss/m/n --> OT1/lmss/m/n on input line 32.
LaTeX Font Info:    Overwriting math alphabet `\mathit' in version `normal'
(Font)                  OT1/cmr/m/it --> OT1/lmr/m/it on input line 33.
LaTeX Font Info:    Overwriting math alphabet `\mathtt' in version `normal'
(Font)                  OT1/cmtt/m/n --> OT1/lmtt/m/n on input line 34.
LaTeX Font Info:    Overwriting math alphabet `\mathbf' in version `bold'
(Font)                  OT1/cmr/bx/n --> OT1/lmr/bx/n on input line 35.
LaTeX Font Info:    Overwriting math alphabet `\mathsf' in version `bold'
(Font)                  OT1/cmss/bx/n --> OT1/lmss/bx/n on input line 36.
LaTeX Font Info:    Overwriting math alphabet `\mathit' in version `bold'
(Font)                  OT1/cmr/bx/it --> OT1/lmr/bx/it on input line 37.
LaTeX Font Info:    Overwriting math alphabet `\mathtt' in version `bold'
(Font)                  OT1/cmtt/m/n --> OT1/lmtt/m/n on input line 38.
)
(C:\Users\Daniel\AppData\Local\Programs\MiKTeX\tex/latex/graphics\graphicx.sty
Package: graphicx 2021/09/16 v1.2d Enhanced LaTeX Graphics (DPC,SPQR)

(C:\Users\Daniel\AppData\Local\Programs\MiKTeX\tex/latex/graphics\keyval.sty
Package: keyval 2014/10/28 v1.15 key=value parser (DPC)
\KV@toks@=\toks19
)
(C:\Users\Daniel\AppData\Local\Programs\MiKTeX\tex/latex/graphics\graphics.sty
Package: graphics 2021/03/04 v1.4d Standard LaTeX Graphics (DPC,SPQR)

(C:\Users\Daniel\AppData\Local\Programs\MiKTeX\tex/latex/graphics\trig.sty
Package: trig 2021/08/11 v1.11 sin cos tan (DPC)
)
(C:\Users\Daniel\AppData\Local\Programs\MiKTeX\tex/latex/graphics-cfg\graphics.
cfg
File: graphics.cfg 2016/06/04 v1.11 sample graphics configuration
)
Package graphics Info: Driver file: pdftex.def on input line 107.

(C:\Users\Daniel\AppData\Local\Programs\MiKTeX\tex/latex/graphics-def\pdftex.de
f
File: pdftex.def 2020/10/05 v1.2a Graphics/color driver for pdftex
))
\Gin@req@height=\dimen140
\Gin@req@width=\dimen141
)
(C:\Users\Daniel\AppData\Local\Programs\MiKTeX\tex/latex/subfigure\subfigure.st
y
Package: subfigure 2002/07/30 v2.1.4 subfigure package
\subfigtopskip=\skip49
\subfigcapskip=\skip50
\subfigcaptopadj=\dimen142
\subfigbottomskip=\skip51
\subfigcapmargin=\dimen143
\subfiglabelskip=\skip52
\c@subfigure=\count196
\c@lofdepth=\count197
\c@subtable=\count198
\c@lotdepth=\count199

****************************************
* Local config file subfigure.cfg used *
****************************************

(C:\Users\Daniel\AppData\Local\Programs\MiKTeX\tex/latex/subfigure\subfigure.cf
g)
\subfig@top=\skip53
\subfig@bottom=\skip54
)
(C:\Users\Daniel\AppData\Local\Programs\MiKTeX\tex/latex/titlesec\titlesec.sty
Package: titlesec 2021/07/05 v2.14 Sectioning titles
\ttl@box=\box50
\beforetitleunit=\skip55
\aftertitleunit=\skip56
\ttl@plus=\dimen144
\ttl@minus=\dimen145
\ttl@toksa=\toks20
\titlewidth=\dimen146
\titlewidthlast=\dimen147
\titlewidthfirst=\dimen148
) (C:\Users\Daniel\AppData\Local\Programs\MiKTeX\tex/latex/tocloft\tocloft.sty
Package: tocloft 2017/08/31 v2.3i parameterised ToC, etc., typesetting
Package tocloft Info: The document has chapter divisions on input line 51.
\cftparskip=\skip57
\cftbeforetoctitleskip=\skip58
\cftaftertoctitleskip=\skip59
\cftbeforepartskip=\skip60
\cftpartnumwidth=\skip61
\cftpartindent=\skip62
\cftbeforechapskip=\skip63
\cftchapindent=\skip64
\cftchapnumwidth=\skip65
\cftbeforesecskip=\skip66
\cftsecindent=\skip67
\cftsecnumwidth=\skip68
\cftbeforesubsecskip=\skip69
\cftsubsecindent=\skip70
\cftsubsecnumwidth=\skip71
\cftbeforesubsubsecskip=\skip72
\cftsubsubsecindent=\skip73
\cftsubsubsecnumwidth=\skip74
\cftbeforeparaskip=\skip75
\cftparaindent=\skip76
\cftparanumwidth=\skip77
\cftbeforesubparaskip=\skip78
\cftsubparaindent=\skip79
\cftsubparanumwidth=\skip80
\cftbeforeloftitleskip=\skip81
\cftafterloftitleskip=\skip82
\cftbeforefigskip=\skip83
\cftfigindent=\skip84
\cftfignumwidth=\skip85
\cftbeforelottitleskip=\skip86
\cftafterlottitleskip=\skip87
\cftbeforetabskip=\skip88
\cfttabindent=\skip89
\cfttabnumwidth=\skip90
\cftbeforesubfigskip=\skip91
\cftsubfigindent=\skip92
\cftsubfignumwidth=\skip93
\cftbeforesubtabskip=\skip94
\cftsubtabindent=\skip95
\cftsubtabnumwidth=\skip96
)
(C:\Users\Daniel\AppData\Local\Programs\MiKTeX\tex/latex/setspace\setspace.sty
Package: setspace 2011/12/19 v6.7a set line spacing
) (C:\Users\Daniel\AppData\Local\Programs\MiKTeX\tex/latex/fancyhdr\fancyhdr.st
y
Package: fancyhdr 2021/01/28 v4.0.1 Extensive control of page headers and foote
rs
\f@nch@headwidth=\skip97
\f@nch@O@elh=\skip98
\f@nch@O@erh=\skip99
\f@nch@O@olh=\skip100
\f@nch@O@orh=\skip101
\f@nch@O@elf=\skip102
\f@nch@O@erf=\skip103
\f@nch@O@olf=\skip104
\f@nch@O@orf=\skip105
) (atbeginend.sty)
(C:\Users\Daniel\AppData\Local\Programs\MiKTeX\tex/latex/tools\indentfirst.sty
Package: indentfirst 1995/11/23 v1.03 Indent first paragraph (DPC)
) (C:\Users\Daniel\AppData\Local\Programs\MiKTeX\tex/latex/lastpage\lastpage.st
y
Package: lastpage 2021/09/03 v1.2n Refers to last page's name (HMM; JPG)
)
(C:\Users\Daniel\AppData\Local\Programs\MiKTeX\tex/latex/hyperref\hyperref.sty
Package: hyperref 2021-06-07 v7.00m Hypertext links for LaTeX

(C:\Users\Daniel\AppData\Local\Programs\MiKTeX\tex/generic/ltxcmds\ltxcmds.sty
Package: ltxcmds 2020-05-10 v1.25 LaTeX kernel commands for general use (HO)
) (C:\Users\Daniel\AppData\Local\Programs\MiKTeX\tex/generic/iftex\iftex.sty
Package: iftex 2022/02/03 v1.0f TeX engine tests
)
(C:\Users\Daniel\AppData\Local\Programs\MiKTeX\tex/generic/pdftexcmds\pdftexcmd
s.sty
Package: pdftexcmds 2020-06-27 v0.33 Utility functions of pdfTeX for LuaTeX (HO
)

(C:\Users\Daniel\AppData\Local\Programs\MiKTeX\tex/generic/infwarerr\infwarerr.
sty
Package: infwarerr 2019/12/03 v1.5 Providing info/warning/error messages (HO)
)
Package pdftexcmds Info: \pdf@primitive is available.
Package pdftexcmds Info: \pdf@ifprimitive is available.
Package pdftexcmds Info: \pdfdraftmode found.
)
(C:\Users\Daniel\AppData\Local\Programs\MiKTeX\tex/generic/kvsetkeys\kvsetkeys.
sty
Package: kvsetkeys 2019/12/15 v1.18 Key value parser (HO)
)
(C:\Users\Daniel\AppData\Local\Programs\MiKTeX\tex/generic/kvdefinekeys\kvdefin
ekeys.sty
Package: kvdefinekeys 2019-12-19 v1.6 Define keys (HO)
)
(C:\Users\Daniel\AppData\Local\Programs\MiKTeX\tex/generic/pdfescape\pdfescape.
sty
Package: pdfescape 2019/12/09 v1.15 Implements pdfTeX's escape features (HO)
)
(C:\Users\Daniel\AppData\Local\Programs\MiKTeX\tex/latex/hycolor\hycolor.sty
Package: hycolor 2020-01-27 v1.10 Color options for hyperref/bookmark (HO)
)
(C:\Users\Daniel\AppData\Local\Programs\MiKTeX\tex/latex/letltxmacro\letltxmacr
o.sty
Package: letltxmacro 2019/12/03 v1.6 Let assignment for LaTeX macros (HO)
)
(C:\Users\Daniel\AppData\Local\Programs\MiKTeX\tex/latex/auxhook\auxhook.sty
Package: auxhook 2019-12-17 v1.6 Hooks for auxiliary files (HO)
)
(C:\Users\Daniel\AppData\Local\Programs\MiKTeX\tex/latex/kvoptions\kvoptions.st
y
Package: kvoptions 2020-10-07 v3.14 Key value format for package options (HO)
)
\@linkdim=\dimen149
\Hy@linkcounter=\count266
\Hy@pagecounter=\count267
 (C:\Users\Daniel\AppData\Local\Programs\MiKTeX\tex/latex/hyperref\pd1enc.def
File: pd1enc.def 2021-06-07 v7.00m Hyperref: PDFDocEncoding definition (HO)
Now handling font encoding PD1 ...
... no UTF-8 mapping file for font encoding PD1
)
(C:\Users\Daniel\AppData\Local\Programs\MiKTeX\tex/latex/hyperref\hyperref-lang
patches.def
File: hyperref-langpatches.def 2021-06-07 v7.00m Hyperref: patches for babel la
nguages
)
(C:\Users\Daniel\AppData\Local\Programs\MiKTeX\tex/generic/intcalc\intcalc.sty
Package: intcalc 2019/12/15 v1.3 Expandable calculations with integers (HO)
)
(C:\Users\Daniel\AppData\Local\Programs\MiKTeX\tex/generic/etexcmds\etexcmds.st
y
Package: etexcmds 2019/12/15 v1.7 Avoid name clashes with e-TeX commands (HO)
)
\Hy@SavedSpaceFactor=\count268
 (C:\Users\Daniel\AppData\Local\Programs\MiKTeX\tex/latex/hyperref\puenc.def
File: puenc.def 2021-06-07 v7.00m Hyperref: PDF Unicode definition (HO)
Now handling font encoding PU ...
... no UTF-8 mapping file for font encoding PU
)
Package hyperref Info: Option `colorlinks' set `true' on input line 4073.
Package hyperref Info: Option `bookmarksopen' set `true' on input line 4073.
Package hyperref Info: Option `breaklinks' set `true' on input line 4073.
Package hyperref Info: Option `bookmarksnumbered' set `false' on input line 407
3.
Package hyperref Info: Hyper figures OFF on input line 4192.
Package hyperref Info: Link nesting OFF on input line 4197.
Package hyperref Info: Hyper index ON on input line 4200.
Package hyperref Info: Plain pages OFF on input line 4207.
Package hyperref Info: Backreferencing OFF on input line 4212.
Package hyperref Info: Implicit mode ON; LaTeX internals redefined.
Package hyperref Info: Bookmarks ON on input line 4445.
\c@Hy@tempcnt=\count269
(C:\Users\Daniel\AppData\Local\Programs\MiKTeX\tex/latex/url\url.sty
\Urlmuskip=\muskip16
Package: url 2013/09/16  ver 3.4  Verb mode for urls, etc.
)
LaTeX Info: Redefining \url on input line 4804.
\XeTeXLinkMargin=\dimen150

(C:\Users\Daniel\AppData\Local\Programs\MiKTeX\tex/generic/bitset\bitset.sty
Package: bitset 2019/12/09 v1.3 Handle bit-vector datatype (HO)

(C:\Users\Daniel\AppData\Local\Programs\MiKTeX\tex/generic/bigintcalc\bigintcal
c.sty
Package: bigintcalc 2019/12/15 v1.5 Expandable calculations on big integers (HO
)
))
\Fld@menulength=\count270
\Field@Width=\dimen151
\Fld@charsize=\dimen152
Package hyperref Info: Hyper figures OFF on input line 6076.
Package hyperref Info: Link nesting OFF on input line 6081.
Package hyperref Info: Hyper index ON on input line 6084.
Package hyperref Info: backreferencing OFF on input line 6091.
Package hyperref Info: Link coloring ON on input line 6094.
Package hyperref Info: Link coloring with OCG OFF on input line 6101.
Package hyperref Info: PDF/A mode OFF on input line 6106.
LaTeX Info: Redefining \ref on input line 6146.
LaTeX Info: Redefining \pageref on input line 6150.

(C:\Users\Daniel\AppData\Local\Programs\MiKTeX\tex/latex/base\atbegshi-ltx.sty
Package: atbegshi-ltx 2021/01/10 v1.0c Emulation of the original atbegshi
package with kernel methods
)
\Hy@abspage=\count271
\c@Item=\count272
\c@Hfootnote=\count273
)
Package hyperref Info: Driver: hpdftex.
 (C:\Users\Daniel\AppData\Local\Programs\MiKTeX\tex/latex/hyperref\hpdftex.def
File: hpdftex.def 2021-06-07 v7.00m Hyperref driver for pdfTeX

(C:\Users\Daniel\AppData\Local\Programs\MiKTeX\tex/latex/base\atveryend-ltx.sty
Package: atveryend-ltx 2020/08/19 v1.0a Emulation of the original atveryend pac
kage
with kernel methods
)
\Fld@listcount=\count274
\c@bookmark@seq@number=\count275

(C:\Users\Daniel\AppData\Local\Programs\MiKTeX\tex/latex/rerunfilecheck\rerunfi
lecheck.sty
Package: rerunfilecheck 2019/12/05 v1.9 Rerun checks for auxiliary files (HO)

(C:\Users\Daniel\AppData\Local\Programs\MiKTeX\tex/generic/uniquecounter\unique
counter.sty
Package: uniquecounter 2019/12/15 v1.4 Provide unlimited unique counter (HO)
)
Package uniquecounter Info: New unique counter `rerunfilecheck' on input line 2
86.
)
\Hy@SectionHShift=\skip106
)
\iserj@topmargin@text=\skip107
\iserj@bottommargin@text=\skip108
\iserj@leftmargin@text=\skip109
\iserj@rightmargin@text=\skip110
\iserj@textwidth@text=\skip111
\iserj@oddsidemargin@text=\skip112
\iserj@evensidemargin@text=\skip113
\iserj@textheight@text=\skip114
\iserj@headsep@text=\skip115
\iserj@topmargin@cover=\skip116
\iserj@bottommargin@cover=\skip117
\iserj@leftmargin@cover=\skip118
\iserj@rightmargin@cover=\skip119
\iserj@textwidth@cover=\skip120
\iserj@oddsidemargin@cover=\skip121
\iserj@evensidemargin@cover=\skip122
\iserj@textheight@cover=\skip123
\iserj@headsep@cover=\skip124
\iserj@topmargin@front=\skip125
\iserj@bottommargin@front=\skip126
\iserj@leftmargin@front=\skip127
\iserj@rightmargin@front=\skip128
\iserj@textwidth@front=\skip129
\iserj@oddsidemargin@front=\skip130
\iserj@evensidemargin@front=\skip131
\iserj@textheight@front=\skip132
\iserj@headsep@front=\skip133
\iserj@topmargin@dedication=\skip134
\iserj@bottommargin@dedication=\skip135
\iserj@leftmargin@dedication=\skip136
\iserj@rightmargin@dedication=\skip137
\iserj@textwidth@dedication=\skip138
\iserj@oddsidemargin@dedication=\skip139
\iserj@evensidemargin@dedication=\skip140
\iserj@textheight@dedication=\skip141
\iserj@headsep@dedication=\skip142
\c@definition=\count276
)
(C:\Users\Daniel\AppData\Local\Programs\MiKTeX\tex/latex/tools\tabularx.sty
Package: tabularx 2020/01/15 v2.11c `tabularx' package (DPC)

(C:\Users\Daniel\AppData\Local\Programs\MiKTeX\tex/latex/tools\array.sty
Package: array 2021/10/04 v2.5f Tabular extension package (FMi)
\col@sep=\dimen153
\ar@mcellbox=\box51
\extrarowheight=\dimen154
\NC@list=\toks21
\extratabsurround=\skip143
\backup@length=\skip144
\ar@cellbox=\box52
)
\TX@col@width=\dimen155
\TX@old@table=\dimen156
\TX@old@col=\dimen157
\TX@target=\dimen158
\TX@delta=\dimen159
\TX@cols=\count277
\TX@ftn=\toks22
)
(C:\Users\Daniel\AppData\Local\Programs\MiKTeX\tex/latex/multirow\multirow.sty
Package: multirow 2021/03/15 v2.8 Span multiple rows of a table
\multirow@colwidth=\skip145
\multirow@cntb=\count278
\multirow@dima=\skip146
\bigstrutjot=\dimen160
) (C:\Users\Daniel\AppData\Local\Programs\MiKTeX\tex/latex/tools\multicol.sty
Package: multicol 2021/10/28 v1.9b multicolumn formatting (FMi)
\c@tracingmulticols=\count279
\mult@box=\box53
\multicol@leftmargin=\dimen161
\c@unbalance=\count280
\c@collectmore=\count281
\doublecol@number=\count282
\multicoltolerance=\count283
\multicolpretolerance=\count284
\full@width=\dimen162
\page@free=\dimen163
\premulticols=\dimen164
\postmulticols=\dimen165
\multicolsep=\skip147
\multicolbaselineskip=\skip148
\partial@page=\box54
\last@line=\box55
\maxbalancingoverflow=\dimen166
\mult@rightbox=\box56
\mult@grightbox=\box57
\mult@firstbox=\box58
\mult@gfirstbox=\box59
\@tempa=\box60
\@tempa=\box61
\@tempa=\box62
\@tempa=\box63
\@tempa=\box64
\@tempa=\box65
\@tempa=\box66
\@tempa=\box67
\@tempa=\box68
\@tempa=\box69
\@tempa=\box70
\@tempa=\box71
\@tempa=\box72
\@tempa=\box73
\@tempa=\box74
\@tempa=\box75
\@tempa=\box76
\@tempa=\box77
\@tempa=\box78
\@tempa=\box79
\@tempa=\box80
\@tempa=\box81
\@tempa=\box82
\@tempa=\box83
\@tempa=\box84
\@tempa=\box85
\@tempa=\box86
\@tempa=\box87
\@tempa=\box88
\@tempa=\box89
\@tempa=\box90
\@tempa=\box91
\@tempa=\box92
\@tempa=\box93
\@tempa=\box94
\@tempa=\box95
\c@minrows=\count285
\c@columnbadness=\count286
\c@finalcolumnbadness=\count287
\last@try=\dimen167
\multicolovershoot=\dimen168
\multicolundershoot=\dimen169
\mult@nat@firstbox=\box96
\colbreak@box=\box97
\mc@col@check@num=\count288
)
(C:\Users\Daniel\AppData\Local\Programs\MiKTeX\tex/latex/colortbl\colortbl.sty
Package: colortbl 2020/01/04 v1.0e Color table columns (DPC)

(C:\Users\Daniel\AppData\Local\Programs\MiKTeX\tex/latex/graphics\color.sty
Package: color 2021/12/07 v1.3c Standard LaTeX Color (DPC)

(C:\Users\Daniel\AppData\Local\Programs\MiKTeX\tex/latex/graphics-cfg\color.cfg
File: color.cfg 2016/01/02 v1.6 sample color configuration
)
Package color Info: Driver file: pdftex.def on input line 149.
)
\everycr=\toks23
\minrowclearance=\skip149
) (C:\Users\Daniel\AppData\Local\Programs\MiKTeX\tex/latex/xcolor\xcolor.sty
Package: xcolor 2021/10/31 v2.13 LaTeX color extensions (UK)

(C:\Users\Daniel\AppData\Local\Programs\MiKTeX\tex/latex/graphics-cfg\color.cfg
File: color.cfg 2016/01/02 v1.6 sample color configuration
)
Package xcolor Info: Driver file: pdftex.def on input line 227.

(C:\Users\Daniel\AppData\Local\Programs\MiKTeX\tex/latex/pdfcolmk\pdfcolmk.sty
Package: pdfcolmk 2019/11/24 v2.0 Color support for pdfTeX via marks
)
LaTeX Info: Redefining \color on input line 711.
Package xcolor Info: Model `cmy' substituted by `cmy0' on input line 1352.
Package xcolor Info: Model `hsb' substituted by `rgb' on input line 1356.
Package xcolor Info: Model `RGB' extended on input line 1368.
Package xcolor Info: Model `HTML' substituted by `rgb' on input line 1370.
Package xcolor Info: Model `Hsb' substituted by `hsb' on input line 1371.
Package xcolor Info: Model `tHsb' substituted by `hsb' on input line 1372.
Package xcolor Info: Model `HSB' substituted by `hsb' on input line 1373.
Package xcolor Info: Model `Gray' substituted by `gray' on input line 1374.
Package xcolor Info: Model `wave' substituted by `hsb' on input line 1375.
(C:\Users\Daniel\AppData\Local\Programs\MiKTeX\tex/latex/graphics\dvipsnam.def
File: dvipsnam.def 2016/06/17 v3.0m Driver-dependent file (DPC,SPQR)
) (C:\Users\Daniel\AppData\Local\Programs\MiKTeX\tex/latex/xcolor\svgnam.def
File: svgnam.def 2021/10/31 v2.13 Predefined colors according to SVG 1.1 (UK)
)
(C:\Users\Daniel\AppData\Local\Programs\MiKTeX\tex/latex/xcolor\x11nam.def
File: x11nam.def 2021/10/31 v2.13 Predefined colors according to Unix/X11 (UK)
))
(C:\Users\Daniel\AppData\Local\Programs\MiKTeX\tex/latex/numprint\numprint.sty
Package: numprint 2012/08/20 v1.39 Print numbers (HH)
\c@nprt@mantissa@digitsbefore=\count289
\c@nprt@mantissa@digitsafter=\count290
\c@nprt@exponent@digitsbefore=\count291
\c@nprt@exponent@digitsafter=\count292
\nprt@digitwidth=\skip150
\nprt@sepwidth=\skip151
\nprt@decimalwidth=\skip152
\nprt@blockwidth=\skip153
\nprt@digittoks=\toks24
\nprt@pretoks=\toks25
\nprt@posttoks=\toks26
\nprt@thisdigit=\count293
\nprt@curpos=\count294
\nprt@rndpos=\count295
\c@nprt@digitsfirstblock=\count296
\c@nprt@blockcnt=\count297
\c@nprt@cntprint=\count298

No configuration file `numprint.cfg' found.)
(C:\Users\Daniel\AppData\Local\Programs\MiKTeX\tex/latex/base\textcomp.sty
Package: textcomp 2020/02/02 v2.0n Standard LaTeX package
)
(C:\Users\Daniel\AppData\Local\Programs\MiKTeX\tex/latex/booktabs\booktabs.sty
Package: booktabs 2020/01/12 v1.61803398 Publication quality tables
\heavyrulewidth=\dimen170
\lightrulewidth=\dimen171
\cmidrulewidth=\dimen172
\belowrulesep=\dimen173
\belowbottomsep=\dimen174
\aboverulesep=\dimen175
\abovetopsep=\dimen176
\cmidrulesep=\dimen177
\cmidrulekern=\dimen178
\defaultaddspace=\dimen179
\@cmidla=\count299
\@cmidlb=\count300
\@aboverulesep=\dimen180
\@belowrulesep=\dimen181
\@thisruleclass=\count301
\@lastruleclass=\count302
\@thisrulewidth=\dimen182
) (C:\Users\Daniel\AppData\Local\Programs\MiKTeX\tex/latex/amsmath\amsmath.sty
Package: amsmath 2021/10/15 v2.17l AMS math features
\@mathmargin=\skip154

For additional information on amsmath, use the `?' option.
(C:\Users\Daniel\AppData\Local\Programs\MiKTeX\tex/latex/amsmath\amstext.sty
Package: amstext 2021/08/26 v2.01 AMS text

(C:\Users\Daniel\AppData\Local\Programs\MiKTeX\tex/latex/amsmath\amsgen.sty
File: amsgen.sty 1999/11/30 v2.0 generic functions
\@emptytoks=\toks27
\ex@=\dimen183
))
(C:\Users\Daniel\AppData\Local\Programs\MiKTeX\tex/latex/amsmath\amsbsy.sty
Package: amsbsy 1999/11/29 v1.2d Bold Symbols
\pmbraise@=\dimen184
)
(C:\Users\Daniel\AppData\Local\Programs\MiKTeX\tex/latex/amsmath\amsopn.sty
Package: amsopn 2021/08/26 v2.02 operator names
)
\inf@bad=\count303
LaTeX Info: Redefining \frac on input line 234.
\uproot@=\count304
\leftroot@=\count305
LaTeX Info: Redefining \overline on input line 399.
\classnum@=\count306
\DOTSCASE@=\count307
LaTeX Info: Redefining \ldots on input line 496.
LaTeX Info: Redefining \dots on input line 499.
LaTeX Info: Redefining \cdots on input line 620.
\Mathstrutbox@=\box98
\strutbox@=\box99
\big@size=\dimen185
LaTeX Font Info:    Redeclaring font encoding OML on input line 743.
LaTeX Font Info:    Redeclaring font encoding OMS on input line 744.
\macc@depth=\count308
\c@MaxMatrixCols=\count309
\dotsspace@=\muskip17
\c@parentequation=\count310
\dspbrk@lvl=\count311
\tag@help=\toks28
\row@=\count312
\column@=\count313
\maxfields@=\count314
\andhelp@=\toks29
\eqnshift@=\dimen186
\alignsep@=\dimen187
\tagshift@=\dimen188
\tagwidth@=\dimen189
\totwidth@=\dimen190
\lineht@=\dimen191
\@envbody=\toks30
\multlinegap=\skip155
\multlinetaggap=\skip156
\mathdisplay@stack=\toks31
LaTeX Info: Redefining \[ on input line 2938.
LaTeX Info: Redefining \] on input line 2939.
)
(C:\Users\Daniel\AppData\Local\Programs\MiKTeX\tex/latex/enumitem\enumitem.sty
Package: enumitem 2019/06/20 v3.9 Customized lists
\labelindent=\skip157
\enit@outerparindent=\dimen192
\enit@toks=\toks32
\enit@inbox=\box100
\enit@count@id=\count315
\enitdp@description=\count316
) (C:\Users\Daniel\AppData\Local\Programs\MiKTeX\tex/latex/amsfonts\amssymb.sty
Package: amssymb 2013/01/14 v3.01 AMS font symbols
) (defs.tex)
LaTeX Font Info:    Trying to load font information for T1+lmr on input line 20
4.

(C:\Users\Daniel\AppData\Local\Programs\MiKTeX\tex/latex/lm\t1lmr.fd
File: t1lmr.fd 2009/10/30 v1.6 Font defs for Latin Modern
)
(C:\Users\Daniel\AppData\Local\Programs\MiKTeX\tex/latex/l3backend\l3backend-pd
ftex.def
File: l3backend-pdftex.def 2022-02-07 L3 backend support: PDF output (pdfTeX)
\l__color_backend_stack_int=\count317
\l__pdf_internal_box=\box101
) (tiny.aux)
\openout1 = `tiny.aux'.

LaTeX Font Info:    Checking defaults for OML/cmm/m/it on input line 204.
LaTeX Font Info:    ... okay on input line 204.
LaTeX Font Info:    Checking defaults for OMS/cmsy/m/n on input line 204.
LaTeX Font Info:    ... okay on input line 204.
LaTeX Font Info:    Checking defaults for OT1/cmr/m/n on input line 204.
LaTeX Font Info:    ... okay on input line 204.
LaTeX Font Info:    Checking defaults for T1/cmr/m/n on input line 204.
LaTeX Font Info:    ... okay on input line 204.
LaTeX Font Info:    Checking defaults for TS1/cmr/m/n on input line 204.
LaTeX Font Info:    ... okay on input line 204.
LaTeX Font Info:    Checking defaults for OMX/cmex/m/n on input line 204.
LaTeX Font Info:    ... okay on input line 204.
LaTeX Font Info:    Checking defaults for U/cmr/m/n on input line 204.
LaTeX Font Info:    ... okay on input line 204.
LaTeX Font Info:    Checking defaults for PD1/pdf/m/n on input line 204.
LaTeX Font Info:    ... okay on input line 204.
LaTeX Font Info:    Checking defaults for PU/pdf/m/n on input line 204.
LaTeX Font Info:    ... okay on input line 204.

(C:\Users\Daniel\AppData\Local\Programs\MiKTeX\tex/context/base/mkii\supp-pdf.m
kii
[Loading MPS to PDF converter (version 2006.09.02).]
\scratchcounter=\count318
\scratchdimen=\dimen193
\scratchbox=\box102
\nofMPsegments=\count319
\nofMParguments=\count320
\everyMPshowfont=\toks33
\MPscratchCnt=\count321
\MPscratchDim=\dimen194
\MPnumerator=\count322
\makeMPintoPDFobject=\count323
\everyMPtoPDFconversion=\toks34
)
(C:\Users\Daniel\AppData\Local\Programs\MiKTeX\tex/latex/epstopdf-pkg\epstopdf-
base.sty
Package: epstopdf-base 2020-01-24 v2.11 Base part for package epstopdf
Package epstopdf-base Info: Redefining graphics rule for `.eps' on input line 4
85.

(C:\Users\Daniel\AppData\Local\Programs\MiKTeX\tex/latex/00miktex\epstopdf-sys.
cfg
File: epstopdf-sys.cfg 2021/03/18 v2.0 Configuration of epstopdf for MiKTeX
))
Package lastpage Info: Please have a look at the pageslts package at
(lastpage)             https://www.ctan.org/pkg/pageslts
(lastpage)             ! on input line 204.
Package hyperref Info: Link coloring ON on input line 204.

(C:\Users\Daniel\AppData\Local\Programs\MiKTeX\tex/latex/hyperref\nameref.sty
Package: nameref 2021-04-02 v2.47 Cross-referencing by name of section

(C:\Users\Daniel\AppData\Local\Programs\MiKTeX\tex/latex/refcount\refcount.sty
Package: refcount 2019/12/15 v3.6 Data extraction from label references (HO)
)
(C:\Users\Daniel\AppData\Local\Programs\MiKTeX\tex/generic/gettitlestring\getti
tlestring.sty
Package: gettitlestring 2019/12/15 v1.6 Cleanup title references (HO)
)
\c@section@level=\count324
)
LaTeX Info: Redefining \ref on input line 204.
LaTeX Info: Redefining \pageref on input line 204.
LaTeX Info: Redefining \nameref on input line 204.
 (tiny.out) (tiny.out)
\@outlinefile=\write3
\openout3 = `tiny.out'.

LaTeX Font Info:    Trying to load font information for T1+lmss on input line 2
04.

(C:\Users\Daniel\AppData\Local\Programs\MiKTeX\tex/latex/lm\t1lmss.fd
File: t1lmss.fd 2009/10/30 v1.6 Font defs for Latin Modern
)
<iserj.png, id=75, 225.84375pt x 225.84375pt>
File: iserj.png Graphic file (type png)
<use iserj.png>
Package pdftex.def Info: iserj.png  used on input line 204.
(pdftex.def)             Requested size: 233.32465pt x 233.3125pt.
LaTeX Font Info:    Trying to load font information for OT1+lmr on input line 2
04.

(C:\Users\Daniel\AppData\Local\Programs\MiKTeX\tex/latex/lm\ot1lmr.fd
File: ot1lmr.fd 2009/10/30 v1.6 Font defs for Latin Modern
)
LaTeX Font Info:    Trying to load font information for OML+lmm on input line 2
04.

(C:\Users\Daniel\AppData\Local\Programs\MiKTeX\tex/latex/lm\omllmm.fd
File: omllmm.fd 2009/10/30 v1.6 Font defs for Latin Modern
)
LaTeX Font Info:    Trying to load font information for OMS+lmsy on input line 
204.

(C:\Users\Daniel\AppData\Local\Programs\MiKTeX\tex/latex/lm\omslmsy.fd
File: omslmsy.fd 2009/10/30 v1.6 Font defs for Latin Modern
)
LaTeX Font Info:    Trying to load font information for OMX+lmex on input line 
204.

(C:\Users\Daniel\AppData\Local\Programs\MiKTeX\tex/latex/lm\omxlmex.fd
File: omxlmex.fd 2009/10/30 v1.6 Font defs for Latin Modern
)
LaTeX Font Info:    External font `lmex10' loaded for size
(Font)              <12> on input line 204.
LaTeX Font Info:    External font `lmex10' loaded for size
(Font)              <8> on input line 204.
LaTeX Font Info:    External font `lmex10' loaded for size
(Font)              <6> on input line 204.
LaTeX Font Info:    Trying to load font information for U+msa on input line 204
.

(C:\Users\Daniel\AppData\Local\Programs\MiKTeX\tex/latex/amsfonts\umsa.fd
File: umsa.fd 2013/01/14 v3.01 AMS symbols A
)
LaTeX Font Info:    Trying to load font information for U+msb on input line 204
.

(C:\Users\Daniel\AppData\Local\Programs\MiKTeX\tex/latex/amsfonts\umsb.fd
File: umsb.fd 2013/01/14 v3.01 AMS symbols B
)
[1


Non-PDF special ignored!
<special>  pdf: docinfo << /Author (Daniel Lima de Souza) /Title (Developme...
{C:/Users/Daniel/AppData/Local/MiKTeX/fonts/map/pdftex/pdftex.map} <./iserj.png
>]
File: iserj.png Graphic file (type png)
<use iserj.png>
Package pdftex.def Info: iserj.png  used on input line 204.
(pdftex.def)             Requested size: 233.32465pt x 233.3125pt.
 [2

]
\c@keycount=\count325


Package hyperref Warning: Ignoring empty anchor on input line 204.

[3

] [4

] [5

] [6

] (tiny.toc)
\tf@toc=\write4
\openout4 = `tiny.toc'.

 [7

] (tiny.lof)
\tf@lof=\write5
\openout5 = `tiny.lof'.

 [8

] (tiny.lot)
\tf@lot=\write6
\openout6 = `tiny.lot'.

 (chapter-1.tex
[9

]
Chapter 1.
LaTeX Font Info:    Trying to load font information for TS1+lmr on input line 2
6.
(C:\Users\Daniel\AppData\Local\Programs\MiKTeX\tex/latex/lm\ts1lmr.fd
File: ts1lmr.fd 2009/10/30 v1.6 Font defs for Latin Modern
) [10

]
[11]) (chapter-2.tex [12]
Chapter 2.
<DER.jpeg, id=200, 829.0975pt x 382.42876pt>
File: DER.jpeg Graphic file (type jpg)
<use DER.jpeg>
Package pdftex.def Info: DER.jpeg  used on input line 8.
(pdftex.def)             Requested size: 426.79134pt x 196.85672pt.

Overfull \hbox (28.45274pt too wide) in paragraph at lines 8--10
 [][] 
 []

<DCU.jpg, id=201, 774.895pt x 604.2575pt>
File: DCU.jpg Graphic file (type jpg)
<use DCU.jpg>
Package pdftex.def Info: DCU.jpg  used on input line 15.
(pdftex.def)             Requested size: 426.79134pt x 332.81288pt.

Overfull \hbox (28.45274pt too wide) in paragraph at lines 15--16
 [][] 
 []


LaTeX Warning: `!h' float specifier changed to `!ht'.

<DC.jpg, id=202, 663.47874pt x 544.0325pt>
File: DC.jpg Graphic file (type jpg)
<use DC.jpg>
Package pdftex.def Info: DC.jpg  used on input line 21.
(pdftex.def)             Requested size: 426.79134pt x 349.95609pt.

Overfull \hbox (28.45274pt too wide) in paragraph at lines 21--22
 [][] 
 []


LaTeX Warning: `!h' float specifier changed to `!ht'.

) (chapter-3.tex [13

 <./DER.jpeg>] [14 <./DCU.jpg>] [15 <./DC.jpg>]
Chapter 3.
<Cabe√ßalho.png, id=216, 1423.56844pt x 107.65219pt>
File: Cabe√ßalho.png Graphic file (type png)
<use Cabe√ßalho.png>
Package pdftex.def Info: Cabe√ßalho.png  used on input line 7.
(pdftex.def)             Requested size: 426.79134pt x 32.27454pt.

Overfull \hbox (28.45274pt too wide) in paragraph at lines 7--8
 [][] 
 []

<Sess√£o In√≠cio.png, id=218, 1425.07407pt x 532.23843pt>
File: Sess√£o In√≠cio.png Graphic file (type png)
<use Sess√£o In√≠cio.png>
Package pdftex.def Info: Sess√£o In√≠cio.png  used on input line 13.
(pdftex.def)             Requested size: 426.79134pt x 159.39662pt.

Overfull \hbox (28.45274pt too wide) in paragraph at lines 13--14
 [][] 
 []

<Sess√£o Sobre.png, id=219, 1425.07407pt x 532.99126pt>
File: Sess√£o Sobre.png Graphic file (type png)
<use Sess√£o Sobre.png>
Package pdftex.def Info: Sess√£o Sobre.png  used on input line 19.
(pdftex.def)             Requested size: 426.79134pt x 159.62209pt.

Overfull \hbox (28.45274pt too wide) in paragraph at lines 19--20
 [][] 
 []

<Sess√£o Card√°pio.png, id=220, 1426.57968pt x 533.74406pt>
File: Sess√£o Card√°pio.png Graphic file (type png)
<use Sess√£o Card√°pio.png>
Package pdftex.def Info: Sess√£o Card√°pio.png  used on input line 25.
(pdftex.def)             Requested size: 426.79134pt x 159.67651pt.

Overfull \hbox (28.45274pt too wide) in paragraph at lines 25--26
 [][] 
 []


LaTeX Warning: `!h' float specifier changed to `!ht'.

<Sess√£o Contato.png, id=221, 1424.32124pt x 533.74406pt>
File: Sess√£o Contato.png Graphic file (type png)
<use Sess√£o Contato.png>
Package pdftex.def Info: Sess√£o Contato.png  used on input line 31.
(pdftex.def)             Requested size: 426.79134pt x 159.92899pt.

Overfull \hbox (28.45274pt too wide) in paragraph at lines 31--32
 [][] 
 []


LaTeX Warning: `!h' float specifier changed to `!ht'.

<Rodap√©.png, id=222, 1426.57968pt x 126.4725pt>
File: Rodap√©.png Graphic file (type png)
<use Rodap√©.png>
Package pdftex.def Info: Rodap√©.png  used on input line 37.
(pdftex.def)             Requested size: 426.79134pt x 37.83589pt.

Overfull \hbox (28.45274pt too wide) in paragraph at lines 37--38
 [][] 
 []


LaTeX Warning: `!h' float specifier changed to `!ht'.

) (chapter-4.tex [16

 <./Cabe√ßalho.png> <./Sess√£o In√≠cio.png> <./Sess√£o Sobre.png>] [17 <./Sess√
£o Card√°pio.png> <./Sess√£o Contato.png> <./Rodap√©.png>]
Chapter 4.
<Contato HTML 1.png, id=237, 973.38657pt x 603.0028pt>
File: Contato HTML 1.png Graphic file (type png)
<use Contato HTML 1.png>
Package pdftex.def Info: Contato HTML 1.png  used on input line 7.
(pdftex.def)             Requested size: 426.79134pt x 264.39275pt.

Overfull \hbox (28.45274pt too wide) in paragraph at lines 7--8
 [][] 
 []

<Contato HTML 2.png, id=238, 1073.51062pt x 608.2725pt>
File: Contato HTML 2.png Graphic file (type png)
<use Contato HTML 2.png>
Package pdftex.def Info: Contato HTML 2.png  used on input line 13.
(pdftex.def)             Requested size: 426.79134pt x 241.82893pt.

Overfull \hbox (28.45274pt too wide) in paragraph at lines 13--14
 [][] 
 []


LaTeX Warning: `!h' float specifier changed to `!ht'.

<Contato CSS 1.png, id=239, 1266.23062pt x 622.57594pt>
File: Contato CSS 1.png Graphic file (type png)
<use Contato CSS 1.png>
Package pdftex.def Info: Contato CSS 1.png  used on input line 19.
(pdftex.def)             Requested size: 426.79134pt x 209.83957pt.

Overfull \hbox (28.45274pt too wide) in paragraph at lines 19--20
 [][] 
 []


LaTeX Warning: `!h' float specifier changed to `!ht'.

<Contato CSS 2.png, id=240, 1251.92719pt x 620.3175pt>
File: Contato CSS 2.png Graphic file (type png)
<use Contato CSS 2.png>
Package pdftex.def Info: Contato CSS 2.png  used on input line 25.
(pdftex.def)             Requested size: 426.79134pt x 211.47307pt.

Overfull \hbox (28.45274pt too wide) in paragraph at lines 25--26
 [][] 
 []


LaTeX Warning: `!h' float specifier changed to `!ht'.

<Contato CSS 3.png, id=241, 1248.16313pt x 624.83438pt>
File: Contato CSS 3.png Graphic file (type png)
<use Contato CSS 3.png>
Package pdftex.def Info: Contato CSS 3.png  used on input line 31.
(pdftex.def)             Requested size: 426.79134pt x 213.65172pt.

Overfull \hbox (28.45274pt too wide) in paragraph at lines 31--32
 [][] 
 []


LaTeX Warning: `!h' float specifier changed to `!ht'.

<Contato CSS 4.png, id=242, 1246.6575pt x 619.56468pt>
File: Contato CSS 4.png Graphic file (type png)
<use Contato CSS 4.png>
Package pdftex.def Info: Contato CSS 4.png  used on input line 37.
(pdftex.def)             Requested size: 426.79134pt x 212.10507pt.

Overfull \hbox (28.45274pt too wide) in paragraph at lines 37--38
 [][] 
 []


LaTeX Warning: `!h' float specifier changed to `!ht'.

<Contato CSS 5.png, id=243, 1252.68pt x 621.82312pt>
File: Contato CSS 5.png Graphic file (type png)
<use Contato CSS 5.png>
Package pdftex.def Info: Contato CSS 5.png  used on input line 43.
(pdftex.def)             Requested size: 426.79134pt x 211.85352pt.

Overfull \hbox (28.45274pt too wide) in paragraph at lines 43--44
 [][] 
 []


LaTeX Warning: `!h' float specifier changed to `!ht'.

<Contato CSS 6.png, id=244, 1254.93843pt x 618.05907pt>
File: Contato CSS 6.png Graphic file (type png)
<use Contato CSS 6.png>
Package pdftex.def Info: Contato CSS 6.png  used on input line 49.
(pdftex.def)             Requested size: 426.79134pt x 210.19388pt.

Overfull \hbox (28.45274pt too wide) in paragraph at lines 49--50
 [][] 
 []


LaTeX Warning: `!h' float specifier changed to `!ht'.

<Contato CSS 7.png, id=245, 1254.93843pt x 629.35126pt>
File: Contato CSS 7.png Graphic file (type png)
<use Contato CSS 7.png>
Package pdftex.def Info: Contato CSS 7.png  used on input line 55.
(pdftex.def)             Requested size: 426.79134pt x 214.03421pt.

Overfull \hbox (28.45274pt too wide) in paragraph at lines 55--56
 [][] 
 []


LaTeX Warning: `!h' float specifier changed to `!ht'.

<Contato CSS 8.png, id=246, 1251.92719pt x 621.07031pt>
File: Contato CSS 8.png Graphic file (type png)
<use Contato CSS 8.png>
Package pdftex.def Info: Contato CSS 8.png  used on input line 61.
(pdftex.def)             Requested size: 426.79134pt x 211.7297pt.

Overfull \hbox (28.45274pt too wide) in paragraph at lines 61--62
 [][] 
 []


LaTeX Warning: `!h' float specifier changed to `!ht'.

<Contato CSS 9.png, id=247, 1253.43282pt x 389.20406pt>
File: Contato CSS 9.png Graphic file (type png)
<use Contato CSS 9.png>
Package pdftex.def Info: Contato CSS 9.png  used on input line 67.
(pdftex.def)             Requested size: 426.79134pt x 132.5236pt.

Overfull \hbox (28.45274pt too wide) in paragraph at lines 67--68
 [][] 
 []


LaTeX Warning: `!h' float specifier changed to `!ht'.

<Contato PHP 1.png, id=248, 1259.4553pt x 383.93437pt>
File: Contato PHP 1.png Graphic file (type png)
<use Contato PHP 1.png>
Package pdftex.def Info: Contato PHP 1.png  used on input line 73.
(pdftex.def)             Requested size: 426.79134pt x 130.10243pt.

Overfull \hbox (28.45274pt too wide) in paragraph at lines 73--74
 [][] 
 []


LaTeX Warning: `!h' float specifier changed to `!ht'.

<Contato PHP 2.png, id=249, 1256.44406pt x 307.1475pt>
File: Contato PHP 2.png Graphic file (type png)
<use Contato PHP 2.png>
Package pdftex.def Info: Contato PHP 2.png  used on input line 79.
(pdftex.def)             Requested size: 426.79134pt x 104.33034pt.

Overfull \hbox (28.45274pt too wide) in paragraph at lines 79--80
 [][] 
 []


LaTeX Warning: `!h' float specifier changed to `!ht'.

) (conclusions.tex [18

 <./Contato HTML 1.png>] [19 <./Contato HTML 2.png> <./Contato CSS 1.png>] [20 
<./Contato CSS 2.png> <./Contato CSS 3.png>] [21 <./Contato CSS 4.png> <./Conta
to CSS 5.png>] [22 <./Contato CSS 6.png> <./Contato CSS 7.png>] [23 <./Contato 
CSS 8.png> <./Contato CSS 9.png> <./Contato PHP 1.png>]
[24 <./Contato PHP 2.png>]
Chapter 5.
) (tiny.bbl [25

]

LaTeX Warning: Empty `thebibliography' environment on input line 4.

) (appendix.tex) 
AED: lastpage setting LastPage
[26

] (tiny.aux)
Package rerunfilecheck Info: File `tiny.out' has not changed.
(rerunfilecheck)             Checksum: 801A895DA6329A1DE173FA99537F5ADC;2904.
 ) 
Here is how much of TeX's memory you used:
 14883 strings out of 478584
 240068 string characters out of 2843929
 574723 words of memory out of 3000000
 32682 multiletter control sequences out of 15000+600000
 518882 words of font info for 59 fonts, out of 8000000 for 9000
 1141 hyphenation exceptions out of 8191
 75i,11n,77p,751b,460s stack positions out of 5000i,500n,10000p,200000b,80000s
{C:/Users/Daniel/AppData/Local/Programs/MiKTeX/fonts/enc/dvips/lm/lm-ec.enc}{
C:/Users/Daniel/AppData/Local/Programs/MiKTeX/fonts/enc/dvips/lm/lm-ts1.enc}<C:
/Users/Daniel/AppData/Local/Programs/MiKTeX/fonts/type1/public/lm/lmbx12.pfb><C
:/Users/Daniel/AppData/Local/Programs/MiKTeX/fonts/type1/public/lm/lmr12.pfb><C
:/Users/Daniel/AppData/Local/Programs/MiKTeX/fonts/type1/public/lm/lmri12.pfb><
C:/Users/Daniel/AppData/Local/Programs/MiKTeX/fonts/type1/public/lm/lmss10.pfb>
<C:/Users/Daniel/AppData/Local/Programs/MiKTeX/fonts/type1/public/lm/lmss12.pfb
><C:/Users/Daniel/AppData/Local/Programs/MiKTeX/fonts/type1/public/lm/lmssbx10.
pfb><C:/Users/Daniel/AppData/Local/Programs/MiKTeX/fonts/type1/public/lm/lmsso1
2.pfb>
Output written on tiny.pdf (26 pages, 1911724 bytes).
PDF statistics:
 351 PDF objects out of 1000 (max. 8388607)
 67 named destinations out of 1000 (max. 500000)
 260 words of extra memory for PDF output out of 10000 (max. 10000000)

